[1m================================ [Cycle 1 (*8)] ================================[0m
[1mPC = 0x0[0m
ax [90m0000000000000000[0m bx [90m0000000000000000[0m cx [90m0000000000000000[0m dx [90m0000000000000000[0m
si [90m0000000000000000[0m di [90m0000000000000000[0m sp [90m0000000000000[0m[1m200[0m bp [90m0000000000000000[0m
sf [90mfalse[0m  of [90mfalse[0m  zf [90mfalse[0m
[1m================================ [Cycle 2 (*8)] ================================[0m
[1mPC = 0xa[0m
ax [90m0000000000000000[0m bx [90m0000000000000000[0m cx [90m0000000000000000[0m dx [90m0000000000000000[0m
si [90m0000000000000000[0m di [90m0000000000000000[0m sp [90m0000000000000[0m[1m1f8[0m bp [90m0000000000000000[0m
sf [90mfalse[0m  of [90mfalse[0m  zf [90mfalse[0m
[1m================================ [Cycle 3 (*8)] ================================[0m
[1mPC = 0x38[0m
ax [90m0000000000000000[0m bx [90m0000000000000000[0m cx [90m0000000000000000[0m dx [90m0000000000000000[0m
si [90m0000000000000000[0m di [90m00000000000000[0m[1m18[0m sp [90m0000000000000[0m[1m1f8[0m bp [90m0000000000000000[0m
sf [90mfalse[0m  of [90mfalse[0m  zf [90mfalse[0m
[1m================================ [Cycle 4 (*8)] ================================[0m
[1mPC = 0x42[0m
ax [90m0000000000000000[0m bx [90m0000000000000000[0m cx [90m0000000000000000[0m dx [90m0000000000000000[0m
si [90m000000000000000[0m[1m4[0m di [90m00000000000000[0m[1m18[0m sp [90m0000000000000[0m[1m1f8[0m bp [90m0000000000000000[0m
sf [90mfalse[0m  of [90mfalse[0m  zf [90mfalse[0m
[1m================================ [Cycle 5 (*8)] ================================[0m
[1mPC = 0x4c[0m
ax [90m0000000000000000[0m bx [90m0000000000000000[0m cx [90m0000000000000000[0m dx [90m0000000000000000[0m
si [90m000000000000000[0m[1m4[0m di [90m00000000000000[0m[1m18[0m sp [90m0000000000000[0m[1m1f0[0m bp [90m0000000000000000[0m
sf [90mfalse[0m  of [90mfalse[0m  zf [90mfalse[0m
[1m================================ [Cycle 6 (*8)] ================================[0m
[1mPC = 0x56[0m
ax [90m0000000000000000[0m bx [90m0000000000000000[0m cx [90m0000000000000000[0m dx [90m0000000000000000[0m
si [90m000000000000000[0m[1m4[0m di [90m00000000000000[0m[1m18[0m sp [90m0000000000000[0m[1m1f0[0m bp [90m0000000000000000[0m
sf [90mfalse[0m  of [90mfalse[0m  zf [1m[32mtrue[0m
[1m================================ [Cycle 7 (*8)] ================================[0m
[1mPC = 0x58[0m
ax [90m0000000000000000[0m bx [90m0000000000000000[0m cx [90m0000000000000000[0m dx [90m0000000000000000[0m
si [90m000000000000000[0m[1m4[0m di [90m00000000000000[0m[1m18[0m sp [90m0000000000000[0m[1m1f0[0m bp [90m0000000000000000[0m
sf [90mfalse[0m  of [90mfalse[0m  zf [90mfalse[0m
[1m================================ [Cycle 8 (*8)] ================================[0m
[1mPC = 0x5a[0m
ax [90m0000000000000000[0m bx [90m0000000000000000[0m cx [90m0000000000000000[0m dx [90m0000000000000000[0m
si [90m000000000000000[0m[1m4[0m di [90m00000000000000[0m[1m18[0m sp [90m0000000000000[0m[1m1f0[0m bp [90m0000000000000000[0m
sf [90mfalse[0m  of [90mfalse[0m  zf [90mfalse[0m
[1m================================ [Cycle 9 (*8)] ================================[0m
[1mPC = 0x63[0m
ax [90m0000000000000000[0m bx [90m0000000000000000[0m cx [90m0000000000000000[0m dx [90m0000000000000000[0m
si [90m000000000000000[0m[1m4[0m di [90m00000000000000[0m[1m18[0m sp [90m0000000000000[0m[1m1e8[0m bp [90m0000000000000000[0m
sf [90mfalse[0m  of [90mfalse[0m  zf [90mfalse[0m
[1m=============================== [Cycle 10 (*8)] ================================[0m
[1mPC = 0x65[0m
ax [90m0000000000000000[0m bx [90m0000000[0m[1md000d000d[0m cx [90m0000000000000000[0m dx [90m0000000000000000[0m
si [90m000000000000000[0m[1m4[0m di [90m00000000000000[0m[1m18[0m sp [90m0000000000000[0m[1m1e8[0m bp [90m0000000000000000[0m
sf [90mfalse[0m  of [90mfalse[0m  zf [90mfalse[0m
[1m=============================== [Cycle 11 (*8)] ================================[0m
[1mPC = 0x6f[0m
ax [90m0000000000000000[0m bx [90m0000000[0m[1md000d000d[0m cx [90m0000000000000000[0m dx [90m0000000000000000[0m
si [90m000000000000000[0m[1m4[0m di [90m00000000000000[0m[1m18[0m sp [90m0000000000000[0m[1m1e8[0m bp [90m0000000000000000[0m
sf [90mfalse[0m  of [90mfalse[0m  zf [90mfalse[0m
[1m=============================== [Cycle 12 (*8)] ================================[0m
[1mPC = 0x79[0m
ax [90m0000000000000000[0m bx [90m0000000[0m[1md000d000d[0m cx [90m0000000000000000[0m dx [90m0000000000000000[0m
si [90m000000000000000[0m[1m3[0m di [90m00000000000000[0m[1m18[0m sp [90m0000000000000[0m[1m1e8[0m bp [90m0000000000000000[0m
sf [90mfalse[0m  of [90mfalse[0m  zf [90mfalse[0m
[1m=============================== [Cycle 13 (*8)] ================================[0m
[1mPC = 0x7b[0m
ax [90m0000000000000000[0m bx [90m0000000[0m[1md000d000d[0m cx [90m0000000000000000[0m dx [90m0000000000000000[0m
si [90m000000000000000[0m[1m3[0m di [90m00000000000000[0m[1m18[0m sp [90m0000000000000[0m[1m1e8[0m bp [90m0000000000000000[0m
sf [90mfalse[0m  of [90mfalse[0m  zf [90mfalse[0m
[1m=============================== [Cycle 14 (*8)] ================================[0m
[1mPC = 0x85[0m
ax [90m0000000000000000[0m bx [90m0000000[0m[1md000d000d[0m cx [90m0000000000000000[0m dx [90m0000000000000000[0m
si [90m000000000000000[0m[1m3[0m di [90m00000000000000[0m[1m20[0m sp [90m0000000000000[0m[1m1e8[0m bp [90m0000000000000000[0m
sf [90mfalse[0m  of [90mfalse[0m  zf [90mfalse[0m
[1m=============================== [Cycle 15 (*8)] ================================[0m
[1mPC = 0x87[0m
ax [90m0000000000000000[0m bx [90m0000000[0m[1md000d000d[0m cx [90m0000000000000000[0m dx [90m0000000000000000[0m
si [90m000000000000000[0m[1m3[0m di [90m00000000000000[0m[1m20[0m sp [90m0000000000000[0m[1m1e0[0m bp [90m0000000000000000[0m
sf [90mfalse[0m  of [90mfalse[0m  zf [90mfalse[0m
[1m=============================== [Cycle 16 (*8)] ================================[0m
[1mPC = 0x56[0m
ax [90m0000000000000000[0m bx [90m0000000[0m[1md000d000d[0m cx [90m0000000000000000[0m dx [90m0000000000000000[0m
si [90m000000000000000[0m[1m3[0m di [90m00000000000000[0m[1m20[0m sp [90m0000000000000[0m[1m1e0[0m bp [90m0000000000000000[0m
sf [90mfalse[0m  of [90mfalse[0m  zf [1m[32mtrue[0m
[1m=============================== [Cycle 17 (*8)] ================================[0m
[1mPC = 0x58[0m
ax [90m0000000000000000[0m bx [90m0000000[0m[1md000d000d[0m cx [90m0000000000000000[0m dx [90m0000000000000000[0m
si [90m000000000000000[0m[1m3[0m di [90m00000000000000[0m[1m20[0m sp [90m0000000000000[0m[1m1e0[0m bp [90m0000000000000000[0m
sf [90mfalse[0m  of [90mfalse[0m  zf [90mfalse[0m
[1m=============================== [Cycle 18 (*8)] ================================[0m
[1mPC = 0x5a[0m
ax [90m0000000000000000[0m bx [90m0000000[0m[1md000d000d[0m cx [90m0000000000000000[0m dx [90m0000000000000000[0m
si [90m000000000000000[0m[1m3[0m di [90m00000000000000[0m[1m20[0m sp [90m0000000000000[0m[1m1e0[0m bp [90m0000000000000000[0m
sf [90mfalse[0m  of [90mfalse[0m  zf [90mfalse[0m
[1m=============================== [Cycle 19 (*8)] ================================[0m
[1mPC = 0x63[0m
ax [90m0000000000000000[0m bx [90m0000000[0m[1md000d000d[0m cx [90m0000000000000000[0m dx [90m0000000000000000[0m
si [90m000000000000000[0m[1m3[0m di [90m00000000000000[0m[1m20[0m sp [90m0000000000000[0m[1m1d8[0m bp [90m0000000000000000[0m
sf [90mfalse[0m  of [90mfalse[0m  zf [90mfalse[0m
[1m=============================== [Cycle 20 (*8)] ================================[0m
[1mPC = 0x65[0m
ax [90m0000000000000000[0m bx [90m000000[0m[1mc000c000c0[0m cx [90m0000000000000000[0m dx [90m0000000000000000[0m
si [90m000000000000000[0m[1m3[0m di [90m00000000000000[0m[1m20[0m sp [90m0000000000000[0m[1m1d8[0m bp [90m0000000000000000[0m
sf [90mfalse[0m  of [90mfalse[0m  zf [90mfalse[0m
[1m=============================== [Cycle 21 (*8)] ================================[0m
[1mPC = 0x6f[0m
ax [90m0000000000000000[0m bx [90m000000[0m[1mc000c000c0[0m cx [90m0000000000000000[0m dx [90m0000000000000000[0m
si [90m000000000000000[0m[1m3[0m di [90m00000000000000[0m[1m20[0m sp [90m0000000000000[0m[1m1d8[0m bp [90m0000000000000000[0m
sf [90mfalse[0m  of [90mfalse[0m  zf [90mfalse[0m
[1m=============================== [Cycle 22 (*8)] ================================[0m
[1mPC = 0x79[0m
ax [90m0000000000000000[0m bx [90m000000[0m[1mc000c000c0[0m cx [90m0000000000000000[0m dx [90m0000000000000000[0m
si [90m000000000000000[0m[1m2[0m di [90m00000000000000[0m[1m20[0m sp [90m0000000000000[0m[1m1d8[0m bp [90m0000000000000000[0m
sf [90mfalse[0m  of [90mfalse[0m  zf [90mfalse[0m
[1m=============================== [Cycle 23 (*8)] ================================[0m
[1mPC = 0x7b[0m
ax [90m0000000000000000[0m bx [90m000000[0m[1mc000c000c0[0m cx [90m0000000000000000[0m dx [90m0000000000000000[0m
si [90m000000000000000[0m[1m2[0m di [90m00000000000000[0m[1m20[0m sp [90m0000000000000[0m[1m1d8[0m bp [90m0000000000000000[0m
sf [90mfalse[0m  of [90mfalse[0m  zf [90mfalse[0m
[1m=============================== [Cycle 24 (*8)] ================================[0m
[1mPC = 0x85[0m
ax [90m0000000000000000[0m bx [90m000000[0m[1mc000c000c0[0m cx [90m0000000000000000[0m dx [90m0000000000000000[0m
si [90m000000000000000[0m[1m2[0m di [90m00000000000000[0m[1m28[0m sp [90m0000000000000[0m[1m1d8[0m bp [90m0000000000000000[0m
sf [90mfalse[0m  of [90mfalse[0m  zf [90mfalse[0m
[1m=============================== [Cycle 25 (*8)] ================================[0m
[1mPC = 0x87[0m
ax [90m0000000000000000[0m bx [90m000000[0m[1mc000c000c0[0m cx [90m0000000000000000[0m dx [90m0000000000000000[0m
si [90m000000000000000[0m[1m2[0m di [90m00000000000000[0m[1m28[0m sp [90m0000000000000[0m[1m1d0[0m bp [90m0000000000000000[0m
sf [90mfalse[0m  of [90mfalse[0m  zf [90mfalse[0m
[1m=============================== [Cycle 26 (*8)] ================================[0m
[1mPC = 0x56[0m
ax [90m0000000000000000[0m bx [90m000000[0m[1mc000c000c0[0m cx [90m0000000000000000[0m dx [90m0000000000000000[0m
si [90m000000000000000[0m[1m2[0m di [90m00000000000000[0m[1m28[0m sp [90m0000000000000[0m[1m1d0[0m bp [90m0000000000000000[0m
sf [90mfalse[0m  of [90mfalse[0m  zf [1m[32mtrue[0m
[1m=============================== [Cycle 27 (*8)] ================================[0m
[1mPC = 0x58[0m
ax [90m0000000000000000[0m bx [90m000000[0m[1mc000c000c0[0m cx [90m0000000000000000[0m dx [90m0000000000000000[0m
si [90m000000000000000[0m[1m2[0m di [90m00000000000000[0m[1m28[0m sp [90m0000000000000[0m[1m1d0[0m bp [90m0000000000000000[0m
sf [90mfalse[0m  of [90mfalse[0m  zf [90mfalse[0m
[1m=============================== [Cycle 28 (*8)] ================================[0m
[1mPC = 0x5a[0m
ax [90m0000000000000000[0m bx [90m000000[0m[1mc000c000c0[0m cx [90m0000000000000000[0m dx [90m0000000000000000[0m
si [90m000000000000000[0m[1m2[0m di [90m00000000000000[0m[1m28[0m sp [90m0000000000000[0m[1m1d0[0m bp [90m0000000000000000[0m
sf [90mfalse[0m  of [90mfalse[0m  zf [90mfalse[0m
[1m=============================== [Cycle 29 (*8)] ================================[0m
[1mPC = 0x63[0m
ax [90m0000000000000000[0m bx [90m000000[0m[1mc000c000c0[0m cx [90m0000000000000000[0m dx [90m0000000000000000[0m
si [90m000000000000000[0m[1m2[0m di [90m00000000000000[0m[1m28[0m sp [90m0000000000000[0m[1m1c8[0m bp [90m0000000000000000[0m
sf [90mfalse[0m  of [90mfalse[0m  zf [90mfalse[0m
[1m=============================== [Cycle 30 (*8)] ================================[0m
[1mPC = 0x65[0m
ax [90m0000000000000000[0m bx [90m00000[0m[1mb000b000b00[0m cx [90m0000000000000000[0m dx [90m0000000000000000[0m
si [90m000000000000000[0m[1m2[0m di [90m00000000000000[0m[1m28[0m sp [90m0000000000000[0m[1m1c8[0m bp [90m0000000000000000[0m
sf [90mfalse[0m  of [90mfalse[0m  zf [90mfalse[0m
[1m=============================== [Cycle 31 (*8)] ================================[0m
[1mPC = 0x6f[0m
ax [90m0000000000000000[0m bx [90m00000[0m[1mb000b000b00[0m cx [90m0000000000000000[0m dx [90m0000000000000000[0m
si [90m000000000000000[0m[1m2[0m di [90m00000000000000[0m[1m28[0m sp [90m0000000000000[0m[1m1c8[0m bp [90m0000000000000000[0m
sf [90mfalse[0m  of [90mfalse[0m  zf [90mfalse[0m
[1m=============================== [Cycle 32 (*8)] ================================[0m
[1mPC = 0x79[0m
ax [90m0000000000000000[0m bx [90m00000[0m[1mb000b000b00[0m cx [90m0000000000000000[0m dx [90m0000000000000000[0m
si [90m000000000000000[0m[1m1[0m di [90m00000000000000[0m[1m28[0m sp [90m0000000000000[0m[1m1c8[0m bp [90m0000000000000000[0m
sf [90mfalse[0m  of [90mfalse[0m  zf [90mfalse[0m
[1m=============================== [Cycle 33 (*8)] ================================[0m
[1mPC = 0x7b[0m
ax [90m0000000000000000[0m bx [90m00000[0m[1mb000b000b00[0m cx [90m0000000000000000[0m dx [90m0000000000000000[0m
si [90m000000000000000[0m[1m1[0m di [90m00000000000000[0m[1m28[0m sp [90m0000000000000[0m[1m1c8[0m bp [90m0000000000000000[0m
sf [90mfalse[0m  of [90mfalse[0m  zf [90mfalse[0m
[1m=============================== [Cycle 34 (*8)] ================================[0m
[1mPC = 0x85[0m
ax [90m0000000000000000[0m bx [90m00000[0m[1mb000b000b00[0m cx [90m0000000000000000[0m dx [90m0000000000000000[0m
si [90m000000000000000[0m[1m1[0m di [90m00000000000000[0m[1m30[0m sp [90m0000000000000[0m[1m1c8[0m bp [90m0000000000000000[0m
sf [90mfalse[0m  of [90mfalse[0m  zf [90mfalse[0m
[1m=============================== [Cycle 35 (*8)] ================================[0m
[1mPC = 0x87[0m
ax [90m0000000000000000[0m bx [90m00000[0m[1mb000b000b00[0m cx [90m0000000000000000[0m dx [90m0000000000000000[0m
si [90m000000000000000[0m[1m1[0m di [90m00000000000000[0m[1m30[0m sp [90m0000000000000[0m[1m1c0[0m bp [90m0000000000000000[0m
sf [90mfalse[0m  of [90mfalse[0m  zf [90mfalse[0m
[1m=============================== [Cycle 36 (*8)] ================================[0m
[1mPC = 0x56[0m
ax [90m0000000000000000[0m bx [90m00000[0m[1mb000b000b00[0m cx [90m0000000000000000[0m dx [90m0000000000000000[0m
si [90m000000000000000[0m[1m1[0m di [90m00000000000000[0m[1m30[0m sp [90m0000000000000[0m[1m1c0[0m bp [90m0000000000000000[0m
sf [90mfalse[0m  of [90mfalse[0m  zf [1m[32mtrue[0m
[1m=============================== [Cycle 37 (*8)] ================================[0m
[1mPC = 0x58[0m
ax [90m0000000000000000[0m bx [90m00000[0m[1mb000b000b00[0m cx [90m0000000000000000[0m dx [90m0000000000000000[0m
si [90m000000000000000[0m[1m1[0m di [90m00000000000000[0m[1m30[0m sp [90m0000000000000[0m[1m1c0[0m bp [90m0000000000000000[0m
sf [90mfalse[0m  of [90mfalse[0m  zf [90mfalse[0m
[1m=============================== [Cycle 38 (*8)] ================================[0m
[1mPC = 0x5a[0m
ax [90m0000000000000000[0m bx [90m00000[0m[1mb000b000b00[0m cx [90m0000000000000000[0m dx [90m0000000000000000[0m
si [90m000000000000000[0m[1m1[0m di [90m00000000000000[0m[1m30[0m sp [90m0000000000000[0m[1m1c0[0m bp [90m0000000000000000[0m
sf [90mfalse[0m  of [90mfalse[0m  zf [90mfalse[0m
[1m=============================== [Cycle 39 (*8)] ================================[0m
[1mPC = 0x63[0m
ax [90m0000000000000000[0m bx [90m00000[0m[1mb000b000b00[0m cx [90m0000000000000000[0m dx [90m0000000000000000[0m
si [90m000000000000000[0m[1m1[0m di [90m00000000000000[0m[1m30[0m sp [90m0000000000000[0m[1m1b8[0m bp [90m0000000000000000[0m
sf [90mfalse[0m  of [90mfalse[0m  zf [90mfalse[0m
[1m=============================== [Cycle 40 (*8)] ================================[0m
[1mPC = 0x65[0m
ax [90m0000000000000000[0m bx [90m0000[0m[1ma000a000a000[0m cx [90m0000000000000000[0m dx [90m0000000000000000[0m
si [90m000000000000000[0m[1m1[0m di [90m00000000000000[0m[1m30[0m sp [90m0000000000000[0m[1m1b8[0m bp [90m0000000000000000[0m
sf [90mfalse[0m  of [90mfalse[0m  zf [90mfalse[0m
[1m=============================== [Cycle 41 (*8)] ================================[0m
[1mPC = 0x6f[0m
ax [90m0000000000000000[0m bx [90m0000[0m[1ma000a000a000[0m cx [90m0000000000000000[0m dx [90m0000000000000000[0m
si [90m000000000000000[0m[1m1[0m di [90m00000000000000[0m[1m30[0m sp [90m0000000000000[0m[1m1b8[0m bp [90m0000000000000000[0m
sf [90mfalse[0m  of [90mfalse[0m  zf [90mfalse[0m
[1m=============================== [Cycle 42 (*8)] ================================[0m
[1mPC = 0x79[0m
ax [90m0000000000000000[0m bx [90m0000[0m[1ma000a000a000[0m cx [90m0000000000000000[0m dx [90m0000000000000000[0m
si [90m0000000000000000[0m di [90m00000000000000[0m[1m30[0m sp [90m0000000000000[0m[1m1b8[0m bp [90m0000000000000000[0m
sf [90mfalse[0m  of [90mfalse[0m  zf [1m[32mtrue[0m
[1m=============================== [Cycle 43 (*8)] ================================[0m
[1mPC = 0x7b[0m
ax [90m0000000000000000[0m bx [90m0000[0m[1ma000a000a000[0m cx [90m0000000000000000[0m dx [90m0000000000000000[0m
si [90m0000000000000000[0m di [90m00000000000000[0m[1m30[0m sp [90m0000000000000[0m[1m1b8[0m bp [90m0000000000000000[0m
sf [90mfalse[0m  of [90mfalse[0m  zf [1m[32mtrue[0m
[1m=============================== [Cycle 44 (*8)] ================================[0m
[1mPC = 0x85[0m
ax [90m0000000000000000[0m bx [90m0000[0m[1ma000a000a000[0m cx [90m0000000000000000[0m dx [90m0000000000000000[0m
si [90m0000000000000000[0m di [90m00000000000000[0m[1m38[0m sp [90m0000000000000[0m[1m1b8[0m bp [90m0000000000000000[0m
sf [90mfalse[0m  of [90mfalse[0m  zf [90mfalse[0m
[1m=============================== [Cycle 45 (*8)] ================================[0m
[1mPC = 0x87[0m
ax [90m0000000000000000[0m bx [90m0000[0m[1ma000a000a000[0m cx [90m0000000000000000[0m dx [90m0000000000000000[0m
si [90m0000000000000000[0m di [90m00000000000000[0m[1m38[0m sp [90m0000000000000[0m[1m1b0[0m bp [90m0000000000000000[0m
sf [90mfalse[0m  of [90mfalse[0m  zf [90mfalse[0m
[1m=============================== [Cycle 46 (*8)] ================================[0m
[1mPC = 0x56[0m
ax [90m0000000000000000[0m bx [90m0000[0m[1ma000a000a000[0m cx [90m0000000000000000[0m dx [90m0000000000000000[0m
si [90m0000000000000000[0m di [90m00000000000000[0m[1m38[0m sp [90m0000000000000[0m[1m1b0[0m bp [90m0000000000000000[0m
sf [90mfalse[0m  of [90mfalse[0m  zf [1m[32mtrue[0m
[1m=============================== [Cycle 47 (*8)] ================================[0m
[1mPC = 0x58[0m
ax [90m0000000000000000[0m bx [90m0000[0m[1ma000a000a000[0m cx [90m0000000000000000[0m dx [90m0000000000000000[0m
si [90m0000000000000000[0m di [90m00000000000000[0m[1m38[0m sp [90m0000000000000[0m[1m1b0[0m bp [90m0000000000000000[0m
sf [90mfalse[0m  of [90mfalse[0m  zf [1m[32mtrue[0m
[1m=============================== [Cycle 48 (*8)] ================================[0m
[1mPC = 0x5a[0m
ax [90m0000000000000000[0m bx [90m0000[0m[1ma000a000a000[0m cx [90m0000000000000000[0m dx [90m0000000000000000[0m
si [90m0000000000000000[0m di [90m00000000000000[0m[1m38[0m sp [90m0000000000000[0m[1m1b0[0m bp [90m0000000000000000[0m
sf [90mfalse[0m  of [90mfalse[0m  zf [1m[32mtrue[0m
[1m=============================== [Cycle 49 (*8)] ================================[0m
[1mPC = 0x94[0m
ax [90m0000000000000000[0m bx [90m0000[0m[1ma000a000a000[0m cx [90m0000000000000000[0m dx [90m0000000000000000[0m
si [90m0000000000000000[0m di [90m00000000000000[0m[1m38[0m sp [90m0000000000000[0m[1m1b8[0m bp [90m0000000000000000[0m
sf [90mfalse[0m  of [90mfalse[0m  zf [1m[32mtrue[0m
[1m=============================== [Cycle 50 (*8)] ================================[0m
[1mPC = 0x90[0m
ax [90m0000[0m[1ma000a000a000[0m bx [90m0000[0m[1ma000a000a000[0m cx [90m0000000000000000[0m dx [90m0000000000000000[0m
si [90m0000000000000000[0m di [90m00000000000000[0m[1m38[0m sp [90m0000000000000[0m[1m1b8[0m bp [90m0000000000000000[0m
sf [90mfalse[0m  of [90mfalse[0m  zf [90mfalse[0m
[1m=============================== [Cycle 51 (*8)] ================================[0m
[1mPC = 0x92[0m
ax [90m0000[0m[1ma000a000a000[0m bx [90m00000[0m[1mb000b000b00[0m cx [90m0000000000000000[0m dx [90m0000000000000000[0m
si [90m0000000000000000[0m di [90m00000000000000[0m[1m38[0m sp [90m0000000000000[0m[1m1c0[0m bp [90m0000000000000000[0m
sf [90mfalse[0m  of [90mfalse[0m  zf [90mfalse[0m
[1m=============================== [Cycle 52 (*8)] ================================[0m
[1mPC = 0x94[0m
ax [90m0000[0m[1ma000a000a000[0m bx [90m00000[0m[1mb000b000b00[0m cx [90m0000000000000000[0m dx [90m0000000000000000[0m
si [90m0000000000000000[0m di [90m00000000000000[0m[1m38[0m sp [90m0000000000000[0m[1m1c8[0m bp [90m0000000000000000[0m
sf [90mfalse[0m  of [90mfalse[0m  zf [90mfalse[0m
[1m=============================== [Cycle 53 (*8)] ================================[0m
[1mPC = 0x90[0m
ax [90m0000[0m[1mab00ab00ab00[0m bx [90m00000[0m[1mb000b000b00[0m cx [90m0000000000000000[0m dx [90m0000000000000000[0m
si [90m0000000000000000[0m di [90m00000000000000[0m[1m38[0m sp [90m0000000000000[0m[1m1c8[0m bp [90m0000000000000000[0m
sf [90mfalse[0m  of [90mfalse[0m  zf [90mfalse[0m
[1m=============================== [Cycle 54 (*8)] ================================[0m
[1mPC = 0x92[0m
ax [90m0000[0m[1mab00ab00ab00[0m bx [90m000000[0m[1mc000c000c0[0m cx [90m0000000000000000[0m dx [90m0000000000000000[0m
si [90m0000000000000000[0m di [90m00000000000000[0m[1m38[0m sp [90m0000000000000[0m[1m1d0[0m bp [90m0000000000000000[0m
sf [90mfalse[0m  of [90mfalse[0m  zf [90mfalse[0m
[1m=============================== [Cycle 55 (*8)] ================================[0m
[1mPC = 0x94[0m
ax [90m0000[0m[1mab00ab00ab00[0m bx [90m000000[0m[1mc000c000c0[0m cx [90m0000000000000000[0m dx [90m0000000000000000[0m
si [90m0000000000000000[0m di [90m00000000000000[0m[1m38[0m sp [90m0000000000000[0m[1m1d8[0m bp [90m0000000000000000[0m
sf [90mfalse[0m  of [90mfalse[0m  zf [90mfalse[0m
[1m=============================== [Cycle 56 (*8)] ================================[0m
[1mPC = 0x90[0m
ax [90m0000[0m[1mabc0abc0abc0[0m bx [90m000000[0m[1mc000c000c0[0m cx [90m0000000000000000[0m dx [90m0000000000000000[0m
si [90m0000000000000000[0m di [90m00000000000000[0m[1m38[0m sp [90m0000000000000[0m[1m1d8[0m bp [90m0000000000000000[0m
sf [90mfalse[0m  of [90mfalse[0m  zf [90mfalse[0m
[1m=============================== [Cycle 57 (*8)] ================================[0m
[1mPC = 0x92[0m
ax [90m0000[0m[1mabc0abc0abc0[0m bx [90m0000000[0m[1md000d000d[0m cx [90m0000000000000000[0m dx [90m0000000000000000[0m
si [90m0000000000000000[0m di [90m00000000000000[0m[1m38[0m sp [90m0000000000000[0m[1m1e0[0m bp [90m0000000000000000[0m
sf [90mfalse[0m  of [90mfalse[0m  zf [90mfalse[0m
[1m=============================== [Cycle 58 (*8)] ================================[0m
[1mPC = 0x94[0m
ax [90m0000[0m[1mabc0abc0abc0[0m bx [90m0000000[0m[1md000d000d[0m cx [90m0000000000000000[0m dx [90m0000000000000000[0m
si [90m0000000000000000[0m di [90m00000000000000[0m[1m38[0m sp [90m0000000000000[0m[1m1e8[0m bp [90m0000000000000000[0m
sf [90mfalse[0m  of [90mfalse[0m  zf [90mfalse[0m
[1m=============================== [Cycle 59 (*8)] ================================[0m
[1mPC = 0x90[0m
ax [90m0000[0m[1mabcdabcdabcd[0m bx [90m0000000[0m[1md000d000d[0m cx [90m0000000000000000[0m dx [90m0000000000000000[0m
si [90m0000000000000000[0m di [90m00000000000000[0m[1m38[0m sp [90m0000000000000[0m[1m1e8[0m bp [90m0000000000000000[0m
sf [90mfalse[0m  of [90mfalse[0m  zf [90mfalse[0m
[1m=============================== [Cycle 60 (*8)] ================================[0m
[1mPC = 0x92[0m
ax [90m0000[0m[1mabcdabcdabcd[0m bx [90m0000000000000000[0m cx [90m0000000000000000[0m dx [90m0000000000000000[0m
si [90m0000000000000000[0m di [90m00000000000000[0m[1m38[0m sp [90m0000000000000[0m[1m1f0[0m bp [90m0000000000000000[0m
sf [90mfalse[0m  of [90mfalse[0m  zf [90mfalse[0m
[1m=============================== [Cycle 61 (*8)] ================================[0m
[1mPC = 0x94[0m
ax [90m0000[0m[1mabcdabcdabcd[0m bx [90m0000000000000000[0m cx [90m0000000000000000[0m dx [90m0000000000000000[0m
si [90m0000000000000000[0m di [90m00000000000000[0m[1m38[0m sp [90m0000000000000[0m[1m1f8[0m bp [90m0000000000000000[0m
sf [90mfalse[0m  of [90mfalse[0m  zf [90mfalse[0m
[1m=============================== [Cycle 62 (*8)] ================================[0m
[1mPC = 0x55[0m
ax [90m0000[0m[1mabcdabcdabcd[0m bx [90m0000000000000000[0m cx [90m0000000000000000[0m dx [90m0000000000000000[0m
si [90m0000000000000000[0m di [90m00000000000000[0m[1m38[0m sp [90m0000000000000[0m[1m200[0m bp [90m0000000000000000[0m
sf [90mfalse[0m  of [90mfalse[0m  zf [90mfalse[0m
[1m=============================== [Cycle 63 (*8)] ================================[0m
[1mPC = 0x13[0m
ax [90m0000[0m[1mabcdabcdabcd[0m bx [90m0000000000000000[0m cx [90m0000000000000000[0m dx [90m0000000000000000[0m
si [90m0000000000000000[0m di [90m00000000000000[0m[1m38[0m sp [90m0000000000000[0m[1m200[0m bp [90m0000000000000000[0m
sf [90mfalse[0m  of [90mfalse[0m  zf [90mfalse[0m
terminate!
0x01b0: [1m[31m00[0m[90m00[0m[90m00[0m[90m00[0m[90m00[0m[90m00[0m[90m00[0m[90m00[0m -> [1m[32m90[0m[90m00[0m[90m00[0m[90m00[0m[90m00[0m[90m00[0m[90m00[0m[90m00[0m
0x01b8: [90m00[0m[1m[31m00[0m[90m00[0m[1m[31m00[0m[90m00[0m[1m[31m00[0m[90m00[0m[90m00[0m -> [90m00[0m[1m[32m0b[0m[90m00[0m[1m[32m0b[0m[90m00[0m[1m[32m0b[0m[90m00[0m[90m00[0m
0x01c0: [1m[31m00[0m[90m00[0m[90m00[0m[90m00[0m[90m00[0m[90m00[0m[90m00[0m[90m00[0m -> [1m[32m90[0m[90m00[0m[90m00[0m[90m00[0m[90m00[0m[90m00[0m[90m00[0m[90m00[0m
0x01c8: [1m[31m00[0m[90m00[0m[1m[31m00[0m[90m00[0m[1m[31m00[0m[90m00[0m[90m00[0m[90m00[0m -> [1m[32mc0[0m[90m00[0m[1m[32mc0[0m[90m00[0m[1m[32mc0[0m[90m00[0m[90m00[0m[90m00[0m
0x01d0: [1m[31m00[0m[90m00[0m[90m00[0m[90m00[0m[90m00[0m[90m00[0m[90m00[0m[90m00[0m -> [1m[32m90[0m[90m00[0m[90m00[0m[90m00[0m[90m00[0m[90m00[0m[90m00[0m[90m00[0m
0x01d8: [1m[31m00[0m[90m00[0m[1m[31m00[0m[90m00[0m[1m[31m00[0m[90m00[0m[90m00[0m[90m00[0m -> [1m[32m0d[0m[90m00[0m[1m[32m0d[0m[90m00[0m[1m[32m0d[0m[90m00[0m[90m00[0m[90m00[0m
0x01e0: [1m[31m00[0m[90m00[0m[90m00[0m[90m00[0m[90m00[0m[90m00[0m[90m00[0m[90m00[0m -> [1m[32m90[0m[90m00[0m[90m00[0m[90m00[0m[90m00[0m[90m00[0m[90m00[0m[90m00[0m
0x01f0: [1m[31m00[0m[90m00[0m[90m00[0m[90m00[0m[90m00[0m[90m00[0m[90m00[0m[90m00[0m -> [1m[32m55[0m[90m00[0m[90m00[0m[90m00[0m[90m00[0m[90m00[0m[90m00[0m[90m00[0m
0x01f8: [1m[31m00[0m[90m00[0m[90m00[0m[90m00[0m[90m00[0m[90m00[0m[90m00[0m[90m00[0m -> [1m[32m13[0m[90m00[0m[90m00[0m[90m00[0m[90m00[0m[90m00[0m[90m00[0m[90m00[0m
