[1m================================ [Cycle 1 (*8)] ================================[0m
[1mPC = 0x0[0m
ax [90m0000000000000000[0m bx [90m0000000000000000[0m cx [90m0000000000000000[0m dx [90m0000000000000000[0m
si [90m0000000000000000[0m di [90m0000000000000000[0m sp [90m0000000000000[0m[1m100[0m bp [90m0000000000000000[0m
sf [90mfalse[0m  of [90mfalse[0m  zf [90mfalse[0m
[1m================================ [Cycle 2 (*8)] ================================[0m
[1mPC = 0xa[0m
ax [90m0000000000000000[0m bx [90m0000000000000000[0m cx [90m0000000000000000[0m dx [90m0000000000000000[0m
si [90m0000000000000000[0m di [90m0000000000000000[0m sp [90m00000000000000[0m[1mf8[0m bp [90m0000000000000000[0m
sf [90mfalse[0m  of [90mfalse[0m  zf [90mfalse[0m
[1m================================ [Cycle 3 (*8)] ================================[0m
[1mPC = 0x38[0m
ax [90m0000000000000000[0m bx [90m0000000000000000[0m cx [90m0000000000000000[0m dx [90m0000000000000000[0m
si [90m0000000000000000[0m di [90m00000000000000[0m[1m18[0m sp [90m00000000000000[0m[1mf8[0m bp [90m0000000000000000[0m
sf [90mfalse[0m  of [90mfalse[0m  zf [90mfalse[0m
[1m================================ [Cycle 4 (*8)] ================================[0m
[1mPC = 0x42[0m
ax [90m0000000000000000[0m bx [90m0000000000000000[0m cx [90m0000000000000000[0m dx [90m0000000000000000[0m
si [90m000000000000000[0m[1m4[0m di [90m00000000000000[0m[1m18[0m sp [90m00000000000000[0m[1mf8[0m bp [90m0000000000000000[0m
sf [90mfalse[0m  of [90mfalse[0m  zf [90mfalse[0m
[1m================================ [Cycle 5 (*8)] ================================[0m
[1mPC = 0x4c[0m
ax [90m0000000000000000[0m bx [90m0000000000000000[0m cx [90m0000000000000000[0m dx [90m0000000000000000[0m
si [90m000000000000000[0m[1m4[0m di [90m00000000000000[0m[1m18[0m sp [90m00000000000000[0m[1mf0[0m bp [90m0000000000000000[0m
sf [90mfalse[0m  of [90mfalse[0m  zf [90mfalse[0m
[1m================================ [Cycle 6 (*8)] ================================[0m
[1mPC = 0x56[0m
ax [90m0000000000000000[0m bx [90m0000000000000000[0m cx [90m0000000000000000[0m dx [90m0000000000000000[0m
si [90m000000000000000[0m[1m4[0m di [90m00000000000000[0m[1m18[0m sp [90m00000000000000[0m[1mf0[0m bp [90m0000000000000000[0m
sf [90mfalse[0m  of [90mfalse[0m  zf [1m[32mtrue[0m
[1m================================ [Cycle 7 (*8)] ================================[0m
[1mPC = 0x58[0m
ax [90m0000000000000000[0m bx [90m0000000000000000[0m cx [90m0000000000000000[0m dx [90m0000000000000000[0m
si [90m000000000000000[0m[1m4[0m di [90m00000000000000[0m[1m18[0m sp [90m00000000000000[0m[1mf0[0m bp [90m0000000000000000[0m
sf [90mfalse[0m  of [90mfalse[0m  zf [90mfalse[0m
[1m================================ [Cycle 8 (*8)] ================================[0m
[1mPC = 0x5a[0m
ax [90m0000000000000000[0m bx [90m0000000000000000[0m cx [90m0000000000000000[0m dx [90m0000000000000000[0m
si [90m000000000000000[0m[1m4[0m di [90m00000000000000[0m[1m18[0m sp [90m00000000000000[0m[1mf0[0m bp [90m0000000000000000[0m
sf [90mfalse[0m  of [90mfalse[0m  zf [90mfalse[0m
[1m================================ [Cycle 9 (*8)] ================================[0m
[1mPC = 0x83[0m
ax [90m0000000000000000[0m bx [90m0000000000000000[0m cx [90m0000000000000000[0m dx [90m0000000000000000[0m
si [90m000000000000000[0m[1m4[0m di [90m00000000000000[0m[1m18[0m sp [90m00000000000000[0m[1mf0[0m bp [90m0000000000000000[0m
sf [90mfalse[0m  of [90mfalse[0m  zf [90mfalse[0m
[1m=============================== [Cycle 10 (*8)] ================================[0m
[1mPC = 0x63[0m
ax [90m0000000000000000[0m bx [90m0000000000000000[0m cx [90m0000000000000000[0m dx [90m0000000000000000[0m
si [90m000000000000000[0m[1m4[0m di [90m00000000000000[0m[1m18[0m sp [90m00000000000000[0m[1mf0[0m bp [90m0000000000000000[0m
sf [90mfalse[0m  of [90mfalse[0m  zf [90mfalse[0m
[1m=============================== [Cycle 11 (*8)] ================================[0m
[1mPC = 0x6d[0m
ax [90m0000000[0m[1md000d000d[0m bx [90m0000000000000000[0m cx [90m0000000000000000[0m dx [90m0000000000000000[0m
si [90m000000000000000[0m[1m4[0m di [90m00000000000000[0m[1m18[0m sp [90m00000000000000[0m[1mf0[0m bp [90m0000000000000000[0m
sf [90mfalse[0m  of [90mfalse[0m  zf [90mfalse[0m
[1m=============================== [Cycle 12 (*8)] ================================[0m
[1mPC = 0x6f[0m
ax [90m0000000[0m[1md000d000d[0m bx [90m0000000000000000[0m cx [90m0000000000000000[0m dx [90m0000000000000000[0m
si [90m000000000000000[0m[1m4[0m di [90m00000000000000[0m[1m18[0m sp [90m00000000000000[0m[1mf0[0m bp [90m0000000000000000[0m
sf [90mfalse[0m  of [90mfalse[0m  zf [90mfalse[0m
terminate!
0x00f0: [1m[31m00[0m[90m00[0m[90m00[0m[90m00[0m[90m00[0m[90m00[0m[90m00[0m[90m00[0m -> [1m[32m55[0m[90m00[0m[90m00[0m[90m00[0m[90m00[0m[90m00[0m[90m00[0m[90m00[0m
0x00f8: [1m[31m00[0m[90m00[0m[90m00[0m[90m00[0m[90m00[0m[90m00[0m[90m00[0m[90m00[0m -> [1m[32m13[0m[90m00[0m[90m00[0m[90m00[0m[90m00[0m[90m00[0m[90m00[0m[90m00[0m
